2024-11-07 14:02:56.4922 loggerfile reportViewer1.ReportPath: D:\GitKraken\psb-romani\RomaniAPI\Colonos\Colonos.Web\Documentos\picking-toledo.rdlc 
2024-11-07 14:03:06.2950 loggerfile Crea directorio: D:\GitKraken\psb-romani\RomaniAPI\Colonos\Colonos.Web\files/KAPYRION00A9MPU7TSYXM5W3X  
2024-11-07 14:09:33.8581 loggerfile reportViewer1.ReportPath: D:\GitKraken\psb-romani\RomaniAPI\Colonos\Colonos.Web\Documentos\picking-toledo.rdlc 
2024-11-07 14:09:37.2164 loggerfile Crea directorio: D:\GitKraken\psb-romani\RomaniAPI\Colonos\Colonos.Web\files/ERV5WMWU21KBAZR8ZOR99BSQR  
2024-11-07 14:11:23.8750 loggerfile Agente Endpoint. Picking:  
2024-11-07 14:17:40.0326 loggerfile reportViewer1.ReportPath: D:\GitKraken\psb-romani\RomaniAPI\Colonos\Colonos.Web\Documentos\picking-toledo.rdlc 
2024-11-07 14:17:42.8636 loggerfile Crea directorio: D:\GitKraken\psb-romani\RomaniAPI\Colonos\Colonos.Web\files/UHPZFA9A0VJ9PME74XDFE1588  
2024-11-07 14:18:39.6096 loggerfile reportViewer1.ReportPath: D:\GitKraken\psb-romani\RomaniAPI\Colonos\Colonos.Web\Documentos\picking-toledo.rdlc 
2024-11-07 14:18:42.3902 loggerfile Crea directorio: D:\GitKraken\psb-romani\RomaniAPI\Colonos\Colonos.Web\files/POCU29P3YWMHD9MJ81CBF3WQ6  
2024-11-07 14:19:40.6017 loggerfile reportViewer1.ReportPath: D:\GitKraken\psb-romani\RomaniAPI\Colonos\Colonos.Web\Documentos\picking-toledo.rdlc 
2024-11-07 14:19:42.7754 loggerfile Crea directorio: D:\GitKraken\psb-romani\RomaniAPI\Colonos\Colonos.Web\files/R4K2AVY9DCYM8C70PKAMDDVWP  
2024-11-07 14:20:29.4091 loggerfile reportViewer1.ReportPath: D:\GitKraken\psb-romani\RomaniAPI\Colonos\Colonos.Web\Documentos\picking-toledo.rdlc 
2024-11-07 14:20:31.9346 loggerfile Crea directorio: D:\GitKraken\psb-romani\RomaniAPI\Colonos\Colonos.Web\files/TTEWZ5Y4RH9EKNFXB3TG0ZVJE  
2024-11-07 14:21:22.5320 loggerfile Agente Endpoint. Picking:  
2024-11-07 14:24:37.1772 loggerfile reportViewer1.ReportPath: D:\GitKraken\psb-romani\RomaniAPI\Colonos\Colonos.Web\Documentos\picking-toledo.rdlc 
2024-11-07 14:24:41.9701 loggerfile Crea directorio: D:\GitKraken\psb-romani\RomaniAPI\Colonos\Colonos.Web\files/ZVVT6PVQSSXQNAWJE8THMUO9B  
2024-11-07 14:30:03.6928 loggerfile reportViewer1.ReportPath: D:\GitKraken\psb-romani\RomaniAPI\Colonos\Colonos.Web\Documentos\picking-toledo.rdlc 
2024-11-07 14:30:28.5702 loggerfile Crea directorio: D:\GitKraken\psb-romani\RomaniAPI\Colonos\Colonos.Web\files/4AQG7GGIATI62BQQLCT6M53UX  
2024-11-07 14:31:38.6509 loggerfile reportViewer1.ReportPath: D:\GitKraken\psb-romani\RomaniAPI\Colonos\Colonos.Web\Documentos\picking-toledo.rdlc 
2024-11-07 14:31:43.8018 loggerfile Crea directorio: D:\GitKraken\psb-romani\RomaniAPI\Colonos\Colonos.Web\files/ZQRGQ9WAX8AFQUTXC8AJ9NFPF  
2024-11-07 14:32:56.6696 loggerfile reportViewer1.ReportPath: D:\GitKraken\psb-romani\RomaniAPI\Colonos\Colonos.Web\Documentos\picking-toledo.rdlc 
2024-11-07 14:33:02.7788 loggerfile Crea directorio: D:\GitKraken\psb-romani\RomaniAPI\Colonos\Colonos.Web\files/DQ5T33HTQ45O2VWPOY0PXNK7U  
2024-11-07 14:45:15.4872 loggerfile reportViewer1.ReportPath: D:\GitKraken\psb-romani\RomaniAPI\Colonos\Colonos.Web\Documentos\picking-produccion-orizontal.rdlc 
2024-11-07 14:45:36.1331 loggerfile Crea directorio: D:\GitKraken\psb-romani\RomaniAPI\Colonos\Colonos.Web\files/Z6DCYS5QZNWP7QBSXTWZ0NS8A  
2024-11-07 14:52:44.2302 loggerfile reportViewer1.ReportPath: D:\GitKraken\psb-romani\RomaniAPI\Colonos\Colonos.Web\Documentos\picking-produccion-orizontal.rdlc 
2024-11-07 14:53:03.8254 loggerfile Crea directorio: D:\GitKraken\psb-romani\RomaniAPI\Colonos\Colonos.Web\files/0V7Z9GABCQKF39MO8GYLFP4U6  
2024-11-07 14:55:54.0701 loggerfile reportViewer1.ReportPath: D:\GitKraken\psb-romani\RomaniAPI\Colonos\Colonos.Web\Documentos\picking-produccion-orizontal.rdlc 
2024-11-07 14:55:59.9491 loggerfile Crea directorio: D:\GitKraken\psb-romani\RomaniAPI\Colonos\Colonos.Web\files/JXN1EPGIXX09FJDEPQ58DKUZZ  
2024-11-07 14:57:05.4843 loggerfile reportViewer1.ReportPath: D:\GitKraken\psb-romani\RomaniAPI\Colonos\Colonos.Web\Documentos\picking-produccion-orizontal.rdlc 
2024-11-07 14:57:10.0406 loggerfile Crea directorio: D:\GitKraken\psb-romani\RomaniAPI\Colonos\Colonos.Web\files/FTI3UPJKQ5ENMB6KCZMZT621L  
2024-11-07 14:58:33.7930 loggerfile reportViewer1.ReportPath: D:\GitKraken\psb-romani\RomaniAPI\Colonos\Colonos.Web\Documentos\picking-produccion-orizontal.rdlc 
2024-11-07 14:58:38.1918 loggerfile Crea directorio: D:\GitKraken\psb-romani\RomaniAPI\Colonos\Colonos.Web\files/ZQBYS1914VUTJMPUSPM7066DU  
2024-11-07 14:59:42.8392 loggerfile reportViewer1.ReportPath: D:\GitKraken\psb-romani\RomaniAPI\Colonos\Colonos.Web\Documentos\picking-toledo.rdlc 
2024-11-07 14:59:48.3803 loggerfile Crea directorio: D:\GitKraken\psb-romani\RomaniAPI\Colonos\Colonos.Web\files/Z7W3O6G9JSHLDACQY8MCXUA9N  
