2024-10-08 01:58:34.8316 loggerfile reportViewer1.ReportPath: D:\GitKraken\psb-romani\RomaniAPI\Colonos\Colonos.Web\Documentos\picking-produccion-orizontal.rdlc 
2024-10-08 01:58:48.2675 loggerfile Crea directorio: D:\GitKraken\psb-romani\RomaniAPI\Colonos\Colonos.Web\files/50NC78ZYDKTK7ZKI0RVFSDAR7  
2024-10-08 01:59:27.5663 loggerfile reportViewer1.ReportPath: D:\GitKraken\psb-romani\RomaniAPI\Colonos\Colonos.Web\Documentos\picking-produccion-orizontal.rdlc 
2024-10-08 01:59:31.3247 loggerfile Crea directorio: D:\GitKraken\psb-romani\RomaniAPI\Colonos\Colonos.Web\files/K209A65MIHDLUTCCBJOFT76J6  
2024-10-08 02:43:47.0667 loggerfile reportViewer1.ReportPath: D:\GitKraken\psb-romani\RomaniAPI\Colonos\Colonos.Web\Documentos\picking-produccion-orizontal.rdlc 
2024-10-08 02:43:59.6598 loggerfile Crea directorio: D:\GitKraken\psb-romani\RomaniAPI\Colonos\Colonos.Web\files/NP27KZR2KE6V4KO7UL49VP7U2  
2024-10-08 02:45:39.5656 loggerfile reportViewer1.ReportPath: D:\GitKraken\psb-romani\RomaniAPI\Colonos\Colonos.Web\Documentos\picking-produccion-orizontal.rdlc 
2024-10-08 02:45:42.4756 loggerfile Crea directorio: D:\GitKraken\psb-romani\RomaniAPI\Colonos\Colonos.Web\files/FQ3BP89TYVRWN7VTU64KOU6M9  
2024-10-08 02:50:52.7255 loggerfile reportViewer1.ReportPath: D:\GitKraken\psb-romani\RomaniAPI\Colonos\Colonos.Web\Documentos\picking-produccion-orizontal.rdlc 
2024-10-08 02:50:55.2688 loggerfile Crea directorio: D:\GitKraken\psb-romani\RomaniAPI\Colonos\Colonos.Web\files/NTYEBRCNBKTBZOHPLT8A7RWQO  
2024-10-08 02:52:10.7151 loggerfile reportViewer1.ReportPath: D:\GitKraken\psb-romani\RomaniAPI\Colonos\Colonos.Web\Documentos\picking-produccion-orizontal.rdlc 
2024-10-08 02:52:13.7814 loggerfile Crea directorio: D:\GitKraken\psb-romani\RomaniAPI\Colonos\Colonos.Web\files/VKZVQUIEX2747IRY32OOJDCML  
2024-10-08 02:53:02.6436 loggerfile reportViewer1.ReportPath: D:\GitKraken\psb-romani\RomaniAPI\Colonos\Colonos.Web\Documentos\picking-produccion-orizontal.rdlc 
2024-10-08 02:53:05.6229 loggerfile Crea directorio: D:\GitKraken\psb-romani\RomaniAPI\Colonos\Colonos.Web\files/IKBMJ7KQWL9HEM4M6A4X2L84L  
2024-10-08 02:54:01.9957 loggerfile reportViewer1.ReportPath: D:\GitKraken\psb-romani\RomaniAPI\Colonos\Colonos.Web\Documentos\picking-produccion-orizontal.rdlc 
2024-10-08 02:54:05.1868 loggerfile Crea directorio: D:\GitKraken\psb-romani\RomaniAPI\Colonos\Colonos.Web\files/76GPYAP2Q5EED2UCMPHM4CIU0  
2024-10-08 03:02:31.4647 loggerfile reportViewer1.ReportPath: D:\GitKraken\psb-romani\RomaniAPI\Colonos\Colonos.Web\Documentos\picking-produccion-orizontal.rdlc 
2024-10-08 03:02:34.7373 loggerfile Crea directorio: D:\GitKraken\psb-romani\RomaniAPI\Colonos\Colonos.Web\files/9N0A57RADQEWOGPQAA9PRB96I  
2024-10-08 04:42:55.7464 loggerfile reportViewer1.ReportPath: D:\GitKraken\psb-romani\RomaniAPI\Colonos\Colonos.Web\Documentos\picking-produccion-orizontal.rdlc 
2024-10-08 04:43:36.6612 loggerfile Crea directorio: D:\GitKraken\psb-romani\RomaniAPI\Colonos\Colonos.Web\files/315LUBC9W4IVGYUMWF1WVNMDO  
2024-10-08 04:44:45.1615 loggerfile reportViewer1.ReportPath: D:\GitKraken\psb-romani\RomaniAPI\Colonos\Colonos.Web\Documentos\picking-produccion-orizontal.rdlc 
2024-10-08 04:44:58.0469 loggerfile Crea directorio: D:\GitKraken\psb-romani\RomaniAPI\Colonos\Colonos.Web\files/X96Z5W80YT0EEY2PV2UAUW0TO  
2024-10-08 04:46:31.0662 loggerfile reportViewer1.ReportPath: D:\GitKraken\psb-romani\RomaniAPI\Colonos\Colonos.Web\Documentos\picking-produccion-orizontal.rdlc 
2024-10-08 04:46:41.4111 loggerfile Crea directorio: D:\GitKraken\psb-romani\RomaniAPI\Colonos\Colonos.Web\files/APV893XM7KQ9N1GKRKTE7O6VG  
2024-10-08 04:48:39.5077 loggerfile reportViewer1.ReportPath: D:\GitKraken\psb-romani\RomaniAPI\Colonos\Colonos.Web\Documentos\picking-produccion-orizontal.rdlc 
2024-10-08 04:48:50.3973 loggerfile Crea directorio: D:\GitKraken\psb-romani\RomaniAPI\Colonos\Colonos.Web\files/S05YPX3VOK6XUNMSCKHND64WM  
