2024-08-29 11:17:24.0101 loggerfile No fue posible generar transacción 
2024-08-29 11:17:24.4628 loggerfile Guardar Pedido Error: No fue posible generar transacción 
2024-08-29 11:17:24.5828 loggerfile Guardar Pedido StackTrace:    en Colonos.Manager.ManagerDocumentos.Guardar(String metodo, Documento item) en D:\GitKraken\psb-romani\RomaniAPI\Colonos\Colonos.Manager\Implement\Ventas\ManagerDocumentos.cs:línea 151
   en Colonos.Web.venta_pedido.Guardar_Event(Object sender, EventArgs e) en D:\GitKraken\psb-romani\RomaniAPI\Colonos\Colonos.Web\venta-pedido.aspx.cs:línea 567 
2024-08-29 11:23:05.0450 loggerfile No fue posible generar transacción 
2024-08-29 11:23:05.0782 loggerfile Guardar Pedido Error: No fue posible generar transacción 
2024-08-29 11:23:05.3606 loggerfile Guardar Pedido StackTrace:    en Colonos.Manager.ManagerDocumentos.Guardar(String metodo, Documento item) en D:\GitKraken\psb-romani\RomaniAPI\Colonos\Colonos.Manager\Implement\Ventas\ManagerDocumentos.cs:línea 151
   en Colonos.Web.venta_pedido.Guardar_Event(Object sender, EventArgs e) en D:\GitKraken\psb-romani\RomaniAPI\Colonos\Colonos.Web\venta-pedido.aspx.cs:línea 567 
2024-08-29 11:35:10.1374 loggerfile se ha generado error al grabar Transacción de inventario: Self referencing loop detected for property 'OPED' with type 'System.Data.Entity.DynamicProxies.OPED_B68C9DDA0A0003C09639E76A3F5AE9F9B3E0DE8079B3DBF777A1926EA70A1992'. Path 'PED1[0]'. 
2024-08-29 11:35:10.2127 loggerfile Guardar Pedido Error: Self referencing loop detected for property 'OPED' with type 'System.Data.Entity.DynamicProxies.OPED_B68C9DDA0A0003C09639E76A3F5AE9F9B3E0DE8079B3DBF777A1926EA70A1992'. Path 'PED1[0]'. 
2024-08-29 11:35:10.2127 loggerfile Guardar Pedido StackTrace:    en Colonos.Manager.ManagerDocumentos.Guardar(String metodo, Documento item) en D:\GitKraken\psb-romani\RomaniAPI\Colonos\Colonos.Manager\Implement\Ventas\ManagerDocumentos.cs:línea 144
   en Colonos.Web.venta_pedido.Guardar_Event(Object sender, EventArgs e) en D:\GitKraken\psb-romani\RomaniAPI\Colonos\Colonos.Web\venta-pedido.aspx.cs:línea 567 
2024-08-29 11:35:54.0164 loggerfile se ha generado error al grabar Transacción de inventario: Self referencing loop detected for property 'OPED' with type 'System.Data.Entity.DynamicProxies.OPED_B68C9DDA0A0003C09639E76A3F5AE9F9B3E0DE8079B3DBF777A1926EA70A1992'. Path 'PED1[0]'. 
2024-08-29 11:35:54.0508 loggerfile Guardar Pedido Error: Self referencing loop detected for property 'OPED' with type 'System.Data.Entity.DynamicProxies.OPED_B68C9DDA0A0003C09639E76A3F5AE9F9B3E0DE8079B3DBF777A1926EA70A1992'. Path 'PED1[0]'. 
2024-08-29 11:35:54.0508 loggerfile Guardar Pedido StackTrace:    en Colonos.Manager.ManagerDocumentos.Guardar(String metodo, Documento item) en D:\GitKraken\psb-romani\RomaniAPI\Colonos\Colonos.Manager\Implement\Ventas\ManagerDocumentos.cs:línea 144
   en Colonos.Web.venta_pedido.Guardar_Event(Object sender, EventArgs e) en D:\GitKraken\psb-romani\RomaniAPI\Colonos\Colonos.Web\venta-pedido.aspx.cs:línea 567 
2024-08-29 11:36:48.8248 loggerfile se ha generado error al grabar Transacción de inventario: Self referencing loop detected for property 'OPED' with type 'System.Data.Entity.DynamicProxies.OPED_B68C9DDA0A0003C09639E76A3F5AE9F9B3E0DE8079B3DBF777A1926EA70A1992'. Path 'PED1[0]'. 
2024-08-29 11:36:48.8748 loggerfile Guardar Pedido Error: Self referencing loop detected for property 'OPED' with type 'System.Data.Entity.DynamicProxies.OPED_B68C9DDA0A0003C09639E76A3F5AE9F9B3E0DE8079B3DBF777A1926EA70A1992'. Path 'PED1[0]'. 
2024-08-29 11:36:48.8748 loggerfile Guardar Pedido StackTrace:    en Colonos.Manager.ManagerDocumentos.Guardar(String metodo, Documento item) en D:\GitKraken\psb-romani\RomaniAPI\Colonos\Colonos.Manager\Implement\Ventas\ManagerDocumentos.cs:línea 144
   en Colonos.Web.venta_pedido.Guardar_Event(Object sender, EventArgs e) en D:\GitKraken\psb-romani\RomaniAPI\Colonos\Colonos.Web\venta-pedido.aspx.cs:línea 567 
2024-08-29 11:37:31.0589 loggerfile se ha generado error al grabar Transacción de inventario: Self referencing loop detected for property 'OPED' with type 'System.Data.Entity.DynamicProxies.OPED_B68C9DDA0A0003C09639E76A3F5AE9F9B3E0DE8079B3DBF777A1926EA70A1992'. Path 'PED1[0]'. 
2024-08-29 11:37:31.1239 loggerfile Guardar Pedido Error: Self referencing loop detected for property 'OPED' with type 'System.Data.Entity.DynamicProxies.OPED_B68C9DDA0A0003C09639E76A3F5AE9F9B3E0DE8079B3DBF777A1926EA70A1992'. Path 'PED1[0]'. 
2024-08-29 11:37:31.1239 loggerfile Guardar Pedido StackTrace:    en Colonos.Manager.ManagerDocumentos.Guardar(String metodo, Documento item) en D:\GitKraken\psb-romani\RomaniAPI\Colonos\Colonos.Manager\Implement\Ventas\ManagerDocumentos.cs:línea 144
   en Colonos.Web.venta_pedido.Guardar_Event(Object sender, EventArgs e) en D:\GitKraken\psb-romani\RomaniAPI\Colonos\Colonos.Web\venta-pedido.aspx.cs:línea 567 
2024-08-29 11:39:47.9647 loggerfile se ha generado error al grabar Transacción de inventario: Self referencing loop detected for property 'OPED' with type 'System.Data.Entity.DynamicProxies.OPED_B68C9DDA0A0003C09639E76A3F5AE9F9B3E0DE8079B3DBF777A1926EA70A1992'. Path 'PED1[0]'. 
2024-08-29 11:39:48.0038 loggerfile Guardar Pedido Error: Self referencing loop detected for property 'OPED' with type 'System.Data.Entity.DynamicProxies.OPED_B68C9DDA0A0003C09639E76A3F5AE9F9B3E0DE8079B3DBF777A1926EA70A1992'. Path 'PED1[0]'. 
2024-08-29 11:39:48.0048 loggerfile Guardar Pedido StackTrace:    en Colonos.Manager.ManagerDocumentos.Guardar(String metodo, Documento item) en D:\GitKraken\psb-romani\RomaniAPI\Colonos\Colonos.Manager\Implement\Ventas\ManagerDocumentos.cs:línea 144
   en Colonos.Web.venta_pedido.Guardar_Event(Object sender, EventArgs e) en D:\GitKraken\psb-romani\RomaniAPI\Colonos\Colonos.Web\venta-pedido.aspx.cs:línea 567 
2024-08-29 11:44:23.9282 loggerfile se ha generado error al grabar Transacción de inventario: Self referencing loop detected for property 'OPED' with type 'System.Data.Entity.DynamicProxies.OPED_B68C9DDA0A0003C09639E76A3F5AE9F9B3E0DE8079B3DBF777A1926EA70A1992'. Path 'PED1[0]'. 
2024-08-29 11:44:24.0082 loggerfile Guardar Pedido Error: Self referencing loop detected for property 'OPED' with type 'System.Data.Entity.DynamicProxies.OPED_B68C9DDA0A0003C09639E76A3F5AE9F9B3E0DE8079B3DBF777A1926EA70A1992'. Path 'PED1[0]'. 
2024-08-29 11:44:24.0082 loggerfile Guardar Pedido StackTrace:    en Colonos.Manager.ManagerDocumentos.Guardar(String metodo, Documento item) en D:\GitKraken\psb-romani\RomaniAPI\Colonos\Colonos.Manager\Implement\Ventas\ManagerDocumentos.cs:línea 144
   en Colonos.Web.venta_pedido.Guardar_Event(Object sender, EventArgs e) en D:\GitKraken\psb-romani\RomaniAPI\Colonos\Colonos.Web\venta-pedido.aspx.cs:línea 567 
2024-08-29 11:57:07.3948 loggerfile se ha generado error al grabar Transacción de inventario: Self referencing loop detected for property 'OPED' with type 'System.Data.Entity.DynamicProxies.OPED_B68C9DDA0A0003C09639E76A3F5AE9F9B3E0DE8079B3DBF777A1926EA70A1992'. Path 'PED1[0]'. 
2024-08-29 11:57:07.4544 loggerfile Guardar Pedido Error: Self referencing loop detected for property 'OPED' with type 'System.Data.Entity.DynamicProxies.OPED_B68C9DDA0A0003C09639E76A3F5AE9F9B3E0DE8079B3DBF777A1926EA70A1992'. Path 'PED1[0]'. 
2024-08-29 11:57:07.4544 loggerfile Guardar Pedido StackTrace:    en Colonos.Manager.ManagerDocumentos.Guardar(String metodo, Documento item) en D:\GitKraken\psb-romani\RomaniAPI\Colonos\Colonos.Manager\Implement\Ventas\ManagerDocumentos.cs:línea 144
   en Colonos.Web.venta_pedido.Guardar_Event(Object sender, EventArgs e) en D:\GitKraken\psb-romani\RomaniAPI\Colonos\Colonos.Web\venta-pedido.aspx.cs:línea 567 
2024-08-29 11:58:13.9775 loggerfile se ha generado error al grabar Transacción de inventario: Self referencing loop detected with type 'System.Data.Entity.DynamicProxies.PED1_6D0E5149F74FA32A42B3DC27A94EE1DE50C781FA63DDB02D49BE5D45189E60CC'. Path '[0].OPED.PED1'. 
2024-08-29 11:58:14.0639 loggerfile Guardar Pedido Error: Self referencing loop detected with type 'System.Data.Entity.DynamicProxies.PED1_6D0E5149F74FA32A42B3DC27A94EE1DE50C781FA63DDB02D49BE5D45189E60CC'. Path '[0].OPED.PED1'. 
2024-08-29 11:58:14.0639 loggerfile Guardar Pedido StackTrace:    en Colonos.Manager.ManagerDocumentos.Guardar(String metodo, Documento item) en D:\GitKraken\psb-romani\RomaniAPI\Colonos\Colonos.Manager\Implement\Ventas\ManagerDocumentos.cs:línea 144
   en Colonos.Web.venta_pedido.Guardar_Event(Object sender, EventArgs e) en D:\GitKraken\psb-romani\RomaniAPI\Colonos\Colonos.Web\venta-pedido.aspx.cs:línea 567 
2024-08-29 12:04:00.0641 loggerfile se ha generado error al grabar Transacción de inventario: Self referencing loop detected with type 'System.Data.Entity.DynamicProxies.PED1_6D0E5149F74FA32A42B3DC27A94EE1DE50C781FA63DDB02D49BE5D45189E60CC'. Path '[0].OPED.PED1'. 
2024-08-29 12:04:00.3502 loggerfile Guardar Pedido Error: Self referencing loop detected with type 'System.Data.Entity.DynamicProxies.PED1_6D0E5149F74FA32A42B3DC27A94EE1DE50C781FA63DDB02D49BE5D45189E60CC'. Path '[0].OPED.PED1'. 
2024-08-29 12:04:00.3595 loggerfile Guardar Pedido StackTrace:    en Colonos.Manager.ManagerDocumentos.Guardar(String metodo, Documento item) en D:\GitKraken\psb-romani\RomaniAPI\Colonos\Colonos.Manager\Implement\Ventas\ManagerDocumentos.cs:línea 144
   en Colonos.Web.venta_pedido.Guardar_Event(Object sender, EventArgs e) en D:\GitKraken\psb-romani\RomaniAPI\Colonos\Colonos.Web\venta-pedido.aspx.cs:línea 567 
2024-08-29 12:21:41.2208 loggerfile No fue posible generar transacción 
2024-08-29 12:21:41.2859 loggerfile Guardar Pedido Error: No fue posible generar transacción 
2024-08-29 12:21:41.3076 loggerfile Guardar Pedido StackTrace:    en Colonos.Manager.ManagerDocumentos.Guardar(String metodo, Documento item) en D:\GitKraken\psb-romani\RomaniAPI\Colonos\Colonos.Manager\Implement\Ventas\ManagerDocumentos.cs:línea 151
   en Colonos.Web.venta_pedido.Guardar_Event(Object sender, EventArgs e) en D:\GitKraken\psb-romani\RomaniAPI\Colonos\Colonos.Web\venta-pedido.aspx.cs:línea 567 
