2024-12-27 18:30:17.7806 loggerfile CerrarRutas: Referencia a objeto no establecida como instancia de un objeto. 
2024-12-27 18:30:17.8853 loggerfile CerrarRutas:    en Colonos.Manager.ManagerDocumentos.Actualizar(String metodo, List`1 items) en C:\esystem\Fuentes\Colonos\colonos-web\Colonos.Manager\Implement\Ventas\ManagerDocumentos.cs:línea 226
   en Colonos.Web.confirmar_rutas.CerrarRutas(GridView gv, String rutaexistosa, String tipoentrega, String otraentrega, String tipocustodio, String custodio, String obs) 
2024-12-27 18:30:31.2092 loggerfile CerrarRutas: Referencia a objeto no establecida como instancia de un objeto. 
2024-12-27 18:30:31.2137 loggerfile CerrarRutas:    en Colonos.Manager.ManagerDocumentos.Consultar(String metodo, Int32 docentry, Int32 doctipo) en C:\esystem\Fuentes\Colonos\colonos-web\Colonos.Manager\Implement\Ventas\ManagerDocumentos.cs:línea 241
   en Colonos.Web.confirmar_rutas.CerrarRutas(GridView gv, String rutaexistosa, String tipoentrega, String otraentrega, String tipocustodio, String custodio, String obs) 
2024-12-27 18:59:16.4027 loggerfile Agente Endpoint. ConsultaPedido: An error occurred while preparing the command definition. See the inner exception for details. 
2024-12-27 19:00:49.3812 loggerfile Agente Endpoint. ConsultaPedido: An error occurred while preparing the command definition. See the inner exception for details. 
2024-12-27 19:01:28.3611 loggerfile Agente Endpoint. ConsultaPedido: An error occurred while preparing the command definition. See the inner exception for details. 
2024-12-27 19:02:21.0391 loggerfile Agente Endpoint. ConsultaPedido: An error occurred while preparing the command definition. See the inner exception for details. 
2024-12-27 19:04:50.6560 loggerfile Agente Endpoint. ConsultaPedido: An error occurred while preparing the command definition. See the inner exception for details. 
2024-12-27 19:08:13.4336 loggerfile CerrarRutas: Referencia a objeto no establecida como instancia de un objeto. 
2024-12-27 19:08:15.1024 loggerfile CerrarRutas:    en Colonos.Manager.ManagerDocumentos.Consultar(String metodo, Int32 docentry, Int32 doctipo) en C:\esystem\Fuentes\Colonos\colonos-web\Colonos.Manager\Implement\Ventas\ManagerDocumentos.cs:línea 241
   en Colonos.Web.confirmar_rutas.CerrarRutas(GridView gv, String rutaexistosa, String tipoentrega, String otraentrega, String tipocustodio, String custodio, String obs) en C:\esystem\Fuentes\Colonos\colonos-web\Colonos.Web\confirmar-rutas.aspx.cs:línea 444 
2024-12-27 19:09:18.4266 loggerfile Agente Endpoint. ConsultaPedido: An error occurred while preparing the command definition. See the inner exception for details. 
2024-12-27 19:16:10.5661 loggerfile CerrarRutas: Referencia a objeto no establecida como instancia de un objeto. 
2024-12-27 19:16:10.5661 loggerfile CerrarRutas:    en Colonos.Manager.ManagerDocumentos.Consultar(String metodo, Int32 docentry, Int32 doctipo) en C:\esystem\Fuentes\Colonos\colonos-web\Colonos.Manager\Implement\Ventas\ManagerDocumentos.cs:línea 241
   en Colonos.Web.confirmar_rutas.CerrarRutas(GridView gv, String rutaexistosa, String tipoentrega, String otraentrega, String tipocustodio, String custodio, String obs) en C:\esystem\Fuentes\Colonos\colonos-web\Colonos.Web\confirmar-rutas.aspx.cs:línea 444 
2024-12-27 20:24:45.7844 loggerfile reportViewer1.ReportPath: C:\esystem\Fuentes\Colonos\colonos-web\Colonos.Web\Documentos\pedido-de-venta.rdlc 
2024-12-27 20:25:23.0302 loggerfile Crea directorio: C:\esystem\Fuentes\Colonos\colonos-web\Colonos.Web\files/J361R4BWYRPXTL4NRNYT82YTC  
2024-12-27 20:25:33.7560 loggerfile reportViewer1.ReportPath: C:\esystem\Fuentes\Colonos\colonos-web\Colonos.Web\Documentos\pedido-de-venta.rdlc 
2024-12-27 20:27:06.5822 loggerfile Crea directorio: C:\esystem\Fuentes\Colonos\colonos-web\Colonos.Web\files/XLMSRIC9ME3D0CFKNH6QGBOPH  
2024-12-27 20:27:39.5208 loggerfile reportViewer1.ReportPath: C:\esystem\Fuentes\Colonos\colonos-web\Colonos.Web\Documentos\picking-toledo.rdlc 
2024-12-27 20:36:30.7035 loggerfile reportViewer1.ReportPath: C:\esystem\Fuentes\Colonos\colonos-web\Colonos.Web\Documentos\picking-toledo.rdlc 
2024-12-27 20:37:05.0812 loggerfile Crea directorio: C:\esystem\Fuentes\Colonos\colonos-web\Colonos.Web\files/YVW3J1E4REE68YEWZDLGQ2TPM  
2024-12-27 20:37:38.0754 loggerfile reportViewer1.ReportPath: C:\esystem\Fuentes\Colonos\colonos-web\Colonos.Web\Documentos\picking-toledo.rdlc 
2024-12-27 20:45:39.4242 loggerfile reportViewer1.ReportPath: C:\esystem\Fuentes\Colonos\colonos-web\Colonos.Web\Documentos\picking-toledo.rdlc 
2024-12-27 20:45:45.7780 loggerfile Crea directorio: C:\esystem\Fuentes\Colonos\colonos-web\Colonos.Web\files/35NS30UZY33X4ECQODTS7Y4H8  
2024-12-27 20:46:11.3439 loggerfile reportViewer1.ReportPath: C:\esystem\Fuentes\Colonos\colonos-web\Colonos.Web\Documentos\picking-toledo.rdlc 
2024-12-27 20:46:13.6340 loggerfile Crea directorio: C:\esystem\Fuentes\Colonos\colonos-web\Colonos.Web\files/CIR31X9EK5OVT7V9GXZXUSFXL  
2024-12-27 20:48:02.0968 loggerfile reportViewer1.ReportPath: C:\esystem\Fuentes\Colonos\colonos-web\Colonos.Web\Documentos\picking-toledo.rdlc 
2024-12-27 20:48:08.7727 loggerfile Crea directorio: C:\esystem\Fuentes\Colonos\colonos-web\Colonos.Web\files/7MKA3FMSHPZ4M9X8KF1PG9FRX  
2024-12-27 20:48:35.4978 loggerfile reportViewer1.ReportPath: C:\esystem\Fuentes\Colonos\colonos-web\Colonos.Web\Documentos\pedido-de-venta.rdlc 
2024-12-27 20:48:37.1438 loggerfile Crea directorio: C:\esystem\Fuentes\Colonos\colonos-web\Colonos.Web\files/0DDQ0A83X0PW1IM09X5MNOXGU  
2024-12-27 20:52:43.7533 loggerfile reportViewer1.ReportPath: C:\esystem\Fuentes\Colonos\colonos-web\Colonos.Web\Documentos\pedido-de-venta.rdlc 
2024-12-27 20:52:45.4183 loggerfile Crea directorio: C:\esystem\Fuentes\Colonos\colonos-web\Colonos.Web\files/95NQKALPRY0JG25Y3GYFRUWCA  
2024-12-27 20:53:24.6596 loggerfile reportViewer1.ReportPath: C:\esystem\Fuentes\Colonos\colonos-web\Colonos.Web\Documentos\pedido-de-venta.rdlc 
2024-12-27 20:53:27.0432 loggerfile Crea directorio: C:\esystem\Fuentes\Colonos\colonos-web\Colonos.Web\files/U0UWFBSBHBMAMD9NT0CND1097  
2024-12-27 21:06:43.2263 loggerfile reportViewer1.ReportPath: C:\esystem\Fuentes\Colonos\colonos-web\Colonos.Web\Documentos\pedido-de-venta.rdlc 
2024-12-27 21:06:44.7454 loggerfile Crea directorio: C:\esystem\Fuentes\Colonos\colonos-web\Colonos.Web\files/S8A9JZXR72PYGJFSYT3Q07PUE  
2024-12-27 21:11:58.2623 loggerfile reportViewer1.ReportPath: C:\esystem\Fuentes\Colonos\colonos-web\Colonos.Web\Documentos\pedido-de-venta.rdlc 
2024-12-27 21:12:00.9827 loggerfile Crea directorio: C:\esystem\Fuentes\Colonos\colonos-web\Colonos.Web\files/83DKO3TVSA37JTM5RHT32EL23  
2024-12-27 21:13:24.2189 loggerfile reportViewer1.ReportPath: C:\esystem\Fuentes\Colonos\colonos-web\Colonos.Web\Documentos\pedido-de-venta.rdlc 
2024-12-27 21:13:27.2010 loggerfile Crea directorio: C:\esystem\Fuentes\Colonos\colonos-web\Colonos.Web\files/EYX7KK32O37XKW0DDWEP1EI3L  
2024-12-27 21:13:59.8479 loggerfile reportViewer1.ReportPath: C:\esystem\Fuentes\Colonos\colonos-web\Colonos.Web\Documentos\pedido-de-venta.rdlc 
2024-12-27 21:14:02.6283 loggerfile Crea directorio: C:\esystem\Fuentes\Colonos\colonos-web\Colonos.Web\files/84SKMWP8UMYLSVPIXW9VFHT91  
2024-12-27 21:17:15.9502 loggerfile reportViewer1.ReportPath: C:\esystem\Fuentes\Colonos\colonos-web\Colonos.Web\Documentos\pedido-de-venta.rdlc 
2024-12-27 21:17:20.5979 loggerfile Crea directorio: C:\esystem\Fuentes\Colonos\colonos-web\Colonos.Web\files/EI9G1HBN2EP5GHXXO8YNPV1OO  
