2024-08-27 06:23:59.8869 loggerfile VerBandeja_Event Error:'cboRegion' tiene un SelectedValue que no es válido porque no existe en la lista de elementos.
Nombre del parámetro: value 
2024-08-27 06:24:04.3533 loggerfile VerBandeja_Event Error:'cboRegion' tiene un SelectedValue que no es válido porque no existe en la lista de elementos.
Nombre del parámetro: value 
2024-08-27 06:24:06.2734 loggerfile VerBandeja_Event Error:'cboRegion' tiene un SelectedValue que no es válido porque no existe en la lista de elementos.
Nombre del parámetro: value 
2024-08-27 06:24:07.2358 loggerfile VerBandeja_Event Error:'cboRegion' tiene un SelectedValue que no es válido porque no existe en la lista de elementos.
Nombre del parámetro: value 
2024-08-27 06:24:07.8571 loggerfile VerBandeja_Event Error:'cboRegion' tiene un SelectedValue que no es válido porque no existe en la lista de elementos.
Nombre del parámetro: value 
2024-08-27 06:30:15.2066 loggerfile EditarDireccion: 'cboRegion' tiene un SelectedValue que no es válido porque no existe en la lista de elementos.
Nombre del parámetro: value 
2024-08-27 07:47:41.3553 loggerfile reportViewer1.ReportPath: D:\GitKraken\psb-romani\RomaniAPI\Colonos\Colonos.Web\Documentos\picking-produccion.rdlc 
2024-08-27 07:47:49.7229 loggerfile Crea directorio: D:\GitKraken\psb-romani\RomaniAPI\Colonos\Colonos.Web\files/KKSL7UP93M5OCSIT8GTF0WHQ8  
2024-08-27 07:50:19.6318 loggerfile reportViewer1.ReportPath: D:\GitKraken\psb-romani\RomaniAPI\Colonos\Colonos.Web\Documentos\picking-produccion-orizontal.rdlc 
2024-08-27 07:50:21.4206 loggerfile Crea directorio: D:\GitKraken\psb-romani\RomaniAPI\Colonos\Colonos.Web\files/RFQDEQLC82YDQQQHF2CY42GQ4  
2024-08-27 07:51:45.6789 loggerfile reportViewer1.ReportPath: D:\GitKraken\psb-romani\RomaniAPI\Colonos\Colonos.Web\Documentos\picking-produccion-orizontal.rdlc 
2024-08-27 07:51:47.2721 loggerfile Crea directorio: D:\GitKraken\psb-romani\RomaniAPI\Colonos\Colonos.Web\files/UNN5QMKYK5V19I4VQA569QIZC  
2024-08-27 07:52:31.1358 loggerfile reportViewer1.ReportPath: D:\GitKraken\psb-romani\RomaniAPI\Colonos\Colonos.Web\Documentos\picking-produccion-orizontal.rdlc 
2024-08-27 07:52:33.3071 loggerfile Crea directorio: D:\GitKraken\psb-romani\RomaniAPI\Colonos\Colonos.Web\files/M0S5302ZD4B3CDI69G8LFUZQM  
2024-08-27 07:55:33.8524 loggerfile reportViewer1.ReportPath: D:\GitKraken\psb-romani\RomaniAPI\Colonos\Colonos.Web\Documentos\picking-produccion-orizontal.rdlc 
2024-08-27 07:55:35.5360 loggerfile Crea directorio: D:\GitKraken\psb-romani\RomaniAPI\Colonos\Colonos.Web\files/9V5P4W8XR4NTAL64ZFDIYJGFL  
2024-08-27 08:25:42.6403 loggerfile reportViewer1.ReportPath: D:\GitKraken\psb-romani\RomaniAPI\Colonos\Colonos.Web\Documentos\picking-produccion-orizontal.rdlc 
2024-08-27 08:25:51.5359 loggerfile Crea directorio: D:\GitKraken\psb-romani\RomaniAPI\Colonos\Colonos.Web\files/SOVVG7GAFK8J3CLPRWSRUA0AI  
